This is pdfTeX, Version 3.14159265-2.6-1.40.20 (TeX Live 2019/Debian) (preloaded format=pdflatex 2020.4.24)  19 MAY 2020 10:39
entering extended mode
 restricted \write18 enabled.
 file:line:error style messages enabled.
 %&-line parsing enabled.
**\nonstopmode\nofiles\PassOptionsToPackage{active,tightpage,auctex}{preview}\AtBeginDocument{\ifx\ifPreview\undefined\RequirePackage[displaymath,floats,graphics,textmath,sections,footnotes]{preview}[2004/11/05]\fi} \input \detokenize{ _region_.tex }
(./_region_.tex  !name(report.tex) (/usr/share/texlive/texmf-dist/tex/latex/base/article.cls
Document Class: article 2019/12/20 v1.4l Standard LaTeX document class
(/usr/share/texlive/texmf-dist/tex/latex/base/size10.clo
File: size10.clo 2019/12/20 v1.4l Standard LaTeX file (size option)
)
\c@part=\count167
\c@section=\count168
\c@subsection=\count169
\c@subsubsection=\count170
\c@paragraph=\count171
\c@subparagraph=\count172
\c@figure=\count173
\c@table=\count174
\abovecaptionskip=\skip47
\belowcaptionskip=\skip48
\bibindent=\dimen134
) (/usr/share/texlive/texmf-dist/tex/latex/l3backend/l3backend-pdfmode.def
File: l3backend-pdfmode.def 2020-02-03 L3 backend support: PDF mode
\l__kernel_color_stack_int=\count175
\l__pdf_internal_box=\box45
)
No file _region_.aux.
LaTeX Font Info:    Checking defaults for OML/cmm/m/it on input line 5.
LaTeX Font Info:    ... okay on input line 5.
LaTeX Font Info:    Checking defaults for OMS/cmsy/m/n on input line 5.
LaTeX Font Info:    ... okay on input line 5.
LaTeX Font Info:    Checking defaults for OT1/cmr/m/n on input line 5.
LaTeX Font Info:    ... okay on input line 5.
LaTeX Font Info:    Checking defaults for T1/cmr/m/n on input line 5.
LaTeX Font Info:    ... okay on input line 5.
LaTeX Font Info:    Checking defaults for TS1/cmr/m/n on input line 5.
LaTeX Font Info:    ... okay on input line 5.
LaTeX Font Info:    Checking defaults for OMX/cmex/m/n on input line 5.
LaTeX Font Info:    ... okay on input line 5.
LaTeX Font Info:    Checking defaults for U/cmr/m/n on input line 5.
LaTeX Font Info:    ... okay on input line 5.
(/home/jelgar/.emacs.d/elpa/develop/auctex-12.2.1/latex/preview.sty
Package: preview 2017/04/24 12.2 (AUCTeX/preview-latex)
 (/home/jelgar/.emacs.d/elpa/develop/auctex-12.2.1/latex/prtightpage.def
\PreviewBorder=\dimen135
) (/home/jelgar/.emacs.d/elpa/develop/auctex-12.2.1/latex/prauctex.def
No auxiliary output files.


\hbadness=\count176
\hfuzz=\dimen136
(/home/jelgar/.emacs.d/elpa/develop/auctex-12.2.1/latex/prauctex.cfg)) (/home/jelgar/.emacs.d/elpa/develop/auctex-12.2.1/latex/prfootnotes.def)
\pr@snippet=\count177
\pr@box=\box46
\pr@output=\toks14

Preview: Fontsize 10pt
Preview: PDFoutput 1
)  !name(report.tex) !offset(-3) 
LaTeX Font Info:    External font `cmex10' loaded for size
(Font)              <12> on input line 10.
LaTeX Font Info:    External font `cmex10' loaded for size
(Font)              <8> on input line 10.
LaTeX Font Info:    External font `cmex10' loaded for size
(Font)              <6> on input line 10.


LaTeX Warning: No \author given.

./_region_.tex:12: Preview: Snippet 1 started.
<-><->
      
l.12 \section
             {Introduction}
Not a real error.

Preview: Tightpage -32891 -32891 32891 32891
./_region_.tex:12: Preview: Snippet 1 ended.(655359+0x22609920).
<-><->
      
l.12 \section{Introduction}
                           
Not a real error.

[1{/var/lib/texmf/fonts/map/pdftex/updmap/pdftex.map}

]
./_region_.tex:14: Preview: Snippet 2 started.
<-><->
      
l.14 \section
             {Regression}
Not a real error.

./_region_.tex:14: Preview: Snippet 2 ended.(655359+183500x22609920).
<-><->
      
l.14 \section{Regression}
                         
Not a real error.

[2

]
./_region_.tex:15: Preview: Snippet 3 started.
<-><->
      
l.15 ...rks by find the solusion to the equation $
                                                  A\overrightarrow{x} = \ove...
Not a real error.

LaTeX Font Info:    External font `cmex10' loaded for size
(Font)              <7> on input line 15.
LaTeX Font Info:    External font `cmex10' loaded for size
(Font)              <5> on input line 15.
./_region_.tex:15: Preview: Snippet 3 ended.(630010+0x2676077).
<-><->
      
l.15 ...$A\overrightarrow{x} = \overrightarrow{b}$
                                                  , where $A$ stores the giv...
Not a real error.

[3]
./_region_.tex:15: Preview: Snippet 4 started.
<-><->
      
l.15 ...ghtarrow{x} = \overrightarrow{b}$, where $
                                                  A$ stores the given data, ...
Not a real error.

./_region_.tex:15: Preview: Snippet 4 ended.(447828+0x491521).
<-><->
      
l.15 ...tarrow{x} = \overrightarrow{b}$, where $A$
                                                   stores the given data, $\...
Not a real error.

[4]
./_region_.tex:15: Preview: Snippet 5 started.
<-><->
      
l.15 ...ow{b}$, where $A$ stores the given data, $
                                                  \overrightarrow{a}$ gives ...
Not a real error.

./_region_.tex:15: Preview: Snippet 5 ended.(457067+0x655375).
<-><->
      
l.15 ...tores the given data, $\overrightarrow{a}$
                                                   gives the 3 unknowns (the...
Not a real error.

[5]
./_region_.tex:15: Preview: Snippet 6 started.
<-><->
      
l.15 ...{a}$ gives the 3 unknowns (the axis) and $
                                                  \overrightarrow{b}$ gives ...
Not a real error.

./_region_.tex:15: Preview: Snippet 6 ended.(630010+0x655375).
<-><->
      
l.15 ...knowns (the axis) and $\overrightarrow{b}$
                                                   gives the least squares, ...
Not a real error.

[6]
./_region_.tex:15: Preview: Snippet 7 started.
<-><->
      
l.15 ...data we could simply find the inverse of $
                                                  A$, which would give the p...
Not a real error.

./_region_.tex:15: Preview: Snippet 7 ended.(447828+0x491521).
<-><->
      
l.15 ...ta we could simply find the inverse of $A$
                                                  , which would give the pef...
Not a real error.

[7]
./_region_.tex:15: Preview: Snippet 8 started.
<-><->
      
l.15 ...at the data is not perfect and therefore $
                                                  A$ does not have an invers...
Not a real error.

./_region_.tex:15: Preview: Snippet 8 ended.(447828+0x491521).
<-><->
      
l.15 ... the data is not perfect and therefore $A$
                                                   does not have an inverse,...
Not a real error.

[8]
./_region_.tex:15: Preview: Snippet 9 started.
<-><->
      
l.15 ...odel (one that gives the exact points of $
                                                  A$). In this case we inste...
Not a real error.

./_region_.tex:15: Preview: Snippet 9 ended.(447828+0x491521).
<-><->
      
l.15 ...el (one that gives the exact points of $A$
                                                  ). In this case we instead...
Not a real error.

[9]
./_region_.tex:15: Preview: Snippet 10 started.
<-><->
      
l.15 ...the error of the inverse, represented by $
                                                  \overrightarrow{b} - A\ove...
Not a real error.

./_region_.tex:15: Preview: Snippet 10 ended.(630010+54613x2603261).
<-><->
      
l.15 ...$\overrightarrow{b} - A\overrightarrow{x}$
                                                  .
Not a real error.

[10]
./_region_.tex:19: Preview: Snippet 11 started.
<-><->
      
l.19 \begin{equation}
                     
Not a real error.

./_region_.tex:21: Preview: Snippet 11 ended.(730073+0x22609920).
<-><->
      
l.21 \end {equation}
                    
Not a real error.

[11]
./_region_.tex:23: Preview: Snippet 12 started.
<-><->
      
l.23 where \(
             y\), is the given data, and \(\hat{y}\) is the predicted data c...
Not a real error.

./_region_.tex:23: Preview: Snippet 12 ended.(282168+127431x344824).
<-><->
      
l.23 where \(y\)
                , is the given data, and \(\hat{y}\) is the predicted data c...
Not a real error.

[12]
./_region_.tex:23: Preview: Snippet 13 started.
<-><->
      
l.23 where \(y\), is the given data, and \(
                                           \hat{y}\) is the predicted data c...
Not a real error.

./_region_.tex:23: Preview: Snippet 13 ended.(455111+127431x344824).
<-><->
      
l.23 ... \(y\), is the given data, and \(\hat{y}\)
                                                   is the predicted data cal...
Not a real error.

[13]
./_region_.tex:25: Preview: Snippet 14 started.
<-><->
      
l.25 \section
             {Finding the best model}
Not a real error.

./_region_.tex:25: Preview: Snippet 14 ended.(655359+183500x22609920).
<-><->
      
l.25 \section{Finding the best model}
                                     
Not a real error.

[14

]
./_region_.tex:27: Preview: Snippet 15 started.
<-><->
      
l.27 \section
             {Results}
Not a real error.

./_region_.tex:27: Preview: Snippet 15 ended.(655359+0x22609920).
<-><->
      
l.27 \section{Results}
                      
Not a real error.

[15

] ) 
Here is how much of TeX's memory you used:
 564 strings out of 483183
 8978 string characters out of 5966292
 234835 words of memory out of 5000000
 15639 multiletter control sequences out of 15000+600000
 535978 words of font info for 36 fonts, out of 8000000 for 9000
 14 hyphenation exceptions out of 8191
 28i,14n,28p,1230b,197s stack positions out of 5000i,500n,10000p,200000b,80000s
</usr/share/texlive/texmf-dist/fonts/type1/public/amsfonts/cm/cmbx12.pfb></usr/share/texlive/texmf-dist/fonts/type1/public/amsfonts/cm/cmmi10.pfb></usr/share/texlive/texmf-dist/fonts/type1/public/amsfonts/cm/cmr10.pfb></usr/share/texlive/texmf-dist/fonts/type1/public/amsfonts/cm/cmr7.pfb></usr/share/texlive/texmf-dist/fonts/type1/public/amsfonts/cm/cmsy10.pfb>
Output written on _region_.pdf (15 pages, 45348 bytes).
PDF statistics:
 73 PDF objects out of 1000 (max. 8388607)
 50 compressed objects within 1 object stream
 0 named destinations out of 1000 (max. 500000)
 1 words of extra memory for PDF output out of 10000 (max. 10000000)

